<?xml version="1.0" encoding="UTF-8"?>
<testng-results skipped="0" failed="0" ignored="0" total="3" passed="3">
  <reporter-output>
  </reporter-output>
  <suite name="Default suite" duration-ms="1853" started-at="2023-12-15T21:24:51 IST" finished-at="2023-12-15T21:24:53 IST">
    <groups>
      <group name="cucumber">
        <method signature="AbstractTestNGCucumberTests.runScenario(io.cucumber.testng.PickleWrapper,io.cucumber.testng.FeatureWrapper)[pri:0, instance:runner.RunCucumberTest@cb0ed20]" name="runScenario" class="io.cucumber.testng.AbstractTestNGCucumberTests"/>
      </group> <!-- cucumber -->
    </groups>
    <test name="Default test" duration-ms="1853" started-at="2023-12-15T21:24:51 IST" finished-at="2023-12-15T21:24:53 IST">
      <class name="runner.RunCucumberTest">
        <test-method status="PASS" signature="setUpClass(org.testng.ITestContext)[pri:0, instance:runner.RunCucumberTest@cb0ed20]" name="setUpClass" is-config="true" duration-ms="1486" started-at="2023-12-15T21:24:51 IST" finished-at="2023-12-15T21:24:52 IST">
          <params>
            <param index="0">
              <value>
                <![CDATA[org.testng.TestRunner@30b6ffe0]]>
              </value>
            </param>
          </params>
          <reporter-output>
          </reporter-output>
        </test-method> <!-- setUpClass -->
        <test-method status="PASS" signature="runScenario(io.cucumber.testng.PickleWrapper,io.cucumber.testng.FeatureWrapper)[pri:0, instance:runner.RunCucumberTest@cb0ed20]" name="runScenario" duration-ms="149" started-at="2023-12-15T21:24:52 IST" description="Runs Cucumber Scenarios" data-provider="scenarios" finished-at="2023-12-15T21:24:52 IST">
          <params>
            <param index="0">
              <value>
                <![CDATA["Verify integer addition is working fine"]]>
              </value>
            </param>
            <param index="1">
              <value>
                <![CDATA["Verify mathematical operations"]]>
              </value>
            </param>
          </params>
          <reporter-output>
          </reporter-output>
        </test-method> <!-- runScenario -->
        <test-method status="PASS" signature="runScenario(io.cucumber.testng.PickleWrapper,io.cucumber.testng.FeatureWrapper)[pri:0, instance:runner.RunCucumberTest@cb0ed20]" name="runScenario" duration-ms="148" started-at="2023-12-15T21:24:52 IST" description="Runs Cucumber Scenarios" data-provider="scenarios" finished-at="2023-12-15T21:24:52 IST">
          <params>
            <param index="0">
              <value>
                <![CDATA["Verify integer addition is working fine"]]>
              </value>
            </param>
            <param index="1">
              <value>
                <![CDATA["Verify mathematical operations"]]>
              </value>
            </param>
          </params>
          <reporter-output>
          </reporter-output>
        </test-method> <!-- runScenario -->
        <test-method status="PASS" signature="runScenario(io.cucumber.testng.PickleWrapper,io.cucumber.testng.FeatureWrapper)[pri:0, instance:runner.RunCucumberTest@cb0ed20]" name="runScenario" duration-ms="148" started-at="2023-12-15T21:24:52 IST" description="Runs Cucumber Scenarios" data-provider="scenarios" finished-at="2023-12-15T21:24:52 IST">
          <params>
            <param index="0">
              <value>
                <![CDATA["Verify integer addition is working fine"]]>
              </value>
            </param>
            <param index="1">
              <value>
                <![CDATA["Verify mathematical operations"]]>
              </value>
            </param>
          </params>
          <reporter-output>
          </reporter-output>
        </test-method> <!-- runScenario -->
        <test-method status="PASS" signature="tearDownClass()[pri:0, instance:runner.RunCucumberTest@cb0ed20]" name="tearDownClass" is-config="true" duration-ms="117" started-at="2023-12-15T21:24:52 IST" finished-at="2023-12-15T21:24:53 IST">
          <reporter-output>
          </reporter-output>
        </test-method> <!-- tearDownClass -->
      </class> <!-- runner.RunCucumberTest -->
    </test> <!-- Default test -->
  </suite> <!-- Default suite -->
</testng-results>
